<?xml version="1.0" encoding="UTF-8"?>
<testng-results ignored="0" total="5" passed="5" failed="0" skipped="0">
  <reporter-output>
  </reporter-output>
  <suite started-at="2024-06-07T14:26:02 IST" name="Default suite" finished-at="2024-06-07T14:26:23 IST" duration-ms="20984">
    <groups>
    </groups>
    <test started-at="2024-06-07T14:26:02 IST" name="Default test" finished-at="2024-06-07T14:26:23 IST" duration-ms="20984">
      <class name="Homelyf.GET_User">
        <test-method signature="lookupCountry()[pri:0, instance:Homelyf.GET_User@49c7b90e]" started-at="2024-06-07T14:26:02 IST" name="lookupCountry" finished-at="2024-06-07T14:26:07 IST" duration-ms="4894" status="PASS">
          <reporter-output>
          </reporter-output>
        </test-method> <!-- lookupCountry -->
        <test-method signature="lookupState()[pri:0, instance:Homelyf.GET_User@49c7b90e]" started-at="2024-06-07T14:26:07 IST" name="lookupState" finished-at="2024-06-07T14:26:10 IST" duration-ms="2208" status="PASS">
          <reporter-output>
          </reporter-output>
        </test-method> <!-- lookupState -->
        <test-method signature="lookupcategory()[pri:0, instance:Homelyf.GET_User@49c7b90e]" started-at="2024-06-07T14:26:10 IST" name="lookupcategory" finished-at="2024-06-07T14:26:20 IST" duration-ms="10716" status="PASS">
          <reporter-output>
          </reporter-output>
        </test-method> <!-- lookupcategory -->
        <test-method signature="lookupcity()[pri:0, instance:Homelyf.GET_User@49c7b90e]" started-at="2024-06-07T14:26:20 IST" name="lookupcity" finished-at="2024-06-07T14:26:22 IST" duration-ms="1484" status="PASS">
          <reporter-output>
          </reporter-output>
        </test-method> <!-- lookupcity -->
        <test-method signature="lookuppostcode()[pri:0, instance:Homelyf.GET_User@49c7b90e]" started-at="2024-06-07T14:26:22 IST" name="lookuppostcode" finished-at="2024-06-07T14:26:23 IST" duration-ms="1606" status="PASS">
          <reporter-output>
          </reporter-output>
        </test-method> <!-- lookuppostcode -->
      </class> <!-- Homelyf.GET_User -->
    </test> <!-- Default test -->
  </suite> <!-- Default suite -->
</testng-results>
