<?xml version="1.0" encoding="UTF-8"?>
<testng-results ignored="0" total="9" passed="9" failed="0" skipped="0">
  <reporter-output>
  </reporter-output>
  <suite started-at="2024-05-31T19:11:11 IST" name="Default suite" finished-at="2024-05-31T19:11:28 IST" duration-ms="16577">
    <groups>
    </groups>
    <test started-at="2024-05-31T19:11:11 IST" name="Default test" finished-at="2024-05-31T19:11:28 IST" duration-ms="16577">
      <class name="reqres_API.POST_User">
        <test-method signature="VerifySMS(java.lang.String, java.lang.String)[pri:0, instance:reqres_API.POST_User@fa49800]" started-at="2024-05-31T19:11:11 IST" name="VerifySMS" data-provider="VerifySMS" finished-at="2024-05-31T19:11:15 IST" duration-ms="4116" status="PASS">
          <params>
            <param index="0">
              <value>
                <![CDATA[mobileNumber]]>
              </value>
            </param>
            <param index="1">
              <value>
                <![CDATA[9810986543]]>
              </value>
            </param>
          </params>
          <reporter-output>
          </reporter-output>
        </test-method> <!-- VerifySMS -->
        <test-method signature="VerifySMS(java.lang.String, java.lang.String)[pri:0, instance:reqres_API.POST_User@fa49800]" started-at="2024-05-31T19:11:15 IST" name="VerifySMS" data-provider="VerifySMS" finished-at="2024-05-31T19:11:17 IST" duration-ms="2003" status="PASS">
          <params>
            <param index="0">
              <value>
                <![CDATA[otp]]>
              </value>
            </param>
            <param index="1">
              <value>
                <![CDATA[2345]]>
              </value>
            </param>
          </params>
          <reporter-output>
          </reporter-output>
        </test-method> <!-- VerifySMS -->
        <test-method signature="login(java.lang.String, java.lang.String)[pri:0, instance:reqres_API.POST_User@fa49800]" started-at="2024-05-31T19:11:17 IST" name="login" data-provider="Login" finished-at="2024-05-31T19:11:19 IST" duration-ms="1130" status="PASS">
          <params>
            <param index="0">
              <value>
                <![CDATA[emailAddress]]>
              </value>
            </param>
            <param index="1">
              <value>
                <![CDATA[vaxa3680@cgbird.com]]>
              </value>
            </param>
          </params>
          <reporter-output>
          </reporter-output>
        </test-method> <!-- login -->
        <test-method signature="login(java.lang.String, java.lang.String)[pri:0, instance:reqres_API.POST_User@fa49800]" started-at="2024-05-31T19:11:19 IST" name="login" data-provider="Login" finished-at="2024-05-31T19:11:20 IST" duration-ms="1160" status="PASS">
          <params>
            <param index="0">
              <value>
                <![CDATA[mobileNumber]]>
              </value>
            </param>
            <param index="1">
              <value>
                <![CDATA[9810986543]]>
              </value>
            </param>
          </params>
          <reporter-output>
          </reporter-output>
        </test-method> <!-- login -->
        <test-method signature="login(java.lang.String, java.lang.String)[pri:0, instance:reqres_API.POST_User@fa49800]" started-at="2024-05-31T19:11:20 IST" name="login" data-provider="Login" finished-at="2024-05-31T19:11:22 IST" duration-ms="1841" status="PASS">
          <params>
            <param index="0">
              <value>
                <![CDATA[password]]>
              </value>
            </param>
            <param index="1">
              <value>
                <![CDATA[P@Testing1]]>
              </value>
            </param>
          </params>
          <reporter-output>
          </reporter-output>
        </test-method> <!-- login -->
        <test-method signature="login(java.lang.String, java.lang.String)[pri:0, instance:reqres_API.POST_User@fa49800]" started-at="2024-05-31T19:11:22 IST" name="login" data-provider="Login" finished-at="2024-05-31T19:11:23 IST" duration-ms="1166" status="PASS">
          <params>
            <param index="0">
              <value>
                <![CDATA[type]]>
              </value>
            </param>
            <param index="1">
              <value>
                <![CDATA[v]]>
              </value>
            </param>
          </params>
          <reporter-output>
          </reporter-output>
        </test-method> <!-- login -->
        <test-method signature="login(java.lang.String, java.lang.String)[pri:0, instance:reqres_API.POST_User@fa49800]" started-at="2024-05-31T19:11:23 IST" name="login" data-provider="Login" finished-at="2024-05-31T19:11:25 IST" duration-ms="1983" status="PASS">
          <params>
            <param index="0">
              <value>
                <![CDATA[location]]>
              </value>
            </param>
            <param index="1">
              <value>
                <![CDATA[Pune]]>
              </value>
            </param>
          </params>
          <reporter-output>
          </reporter-output>
        </test-method> <!-- login -->
        <test-method signature="sendEmailOTP(java.lang.String, java.lang.String)[pri:0, instance:reqres_API.POST_User@fa49800]" started-at="2024-05-31T19:11:25 IST" name="sendEmailOTP" data-provider="EmailOTP" finished-at="2024-05-31T19:11:27 IST" duration-ms="1986" status="PASS">
          <params>
            <param index="0">
              <value>
                <![CDATA[emailAddress]]>
              </value>
            </param>
            <param index="1">
              <value>
                <![CDATA[vaxa3680@cgbird.com]]>
              </value>
            </param>
          </params>
          <reporter-output>
          </reporter-output>
        </test-method> <!-- sendEmailOTP -->
        <test-method signature="sendSMSOTP(java.lang.String, java.lang.String)[pri:0, instance:reqres_API.POST_User@fa49800]" started-at="2024-05-31T19:11:27 IST" name="sendSMSOTP" data-provider="SendSMSOTP" finished-at="2024-05-31T19:11:28 IST" duration-ms="1108" status="PASS">
          <params>
            <param index="0">
              <value>
                <![CDATA[mobileNumber]]>
              </value>
            </param>
            <param index="1">
              <value>
                <![CDATA[9810986543]]>
              </value>
            </param>
          </params>
          <reporter-output>
          </reporter-output>
        </test-method> <!-- sendSMSOTP -->
      </class> <!-- reqres_API.POST_User -->
    </test> <!-- Default test -->
  </suite> <!-- Default suite -->
</testng-results>
