<?xml version="1.0" encoding="UTF-8"?>
<!-- Generated by org.testng.reporters.JUnitXMLReporter -->
<testsuite ignored="0" hostname="DESKTOP-5JB5VIM" failures="0" tests="9" name="Default test" time="16.577" errors="0" timestamp="2024-05-31T19:11:28 IST">
  <testcase classname="reqres_API.POST_User" name="VerifySMS" time="4.116"/>
  <testcase classname="reqres_API.POST_User" name="VerifySMS" time="2.003"/>
  <testcase classname="reqres_API.POST_User" name="login" time="1.13"/>
  <testcase classname="reqres_API.POST_User" name="login" time="1.16"/>
  <testcase classname="reqres_API.POST_User" name="login" time="1.841"/>
  <testcase classname="reqres_API.POST_User" name="login" time="1.166"/>
  <testcase classname="reqres_API.POST_User" name="login" time="1.983"/>
  <testcase classname="reqres_API.POST_User" name="sendEmailOTP" time="1.986"/>
  <testcase classname="reqres_API.POST_User" name="sendSMSOTP" time="1.108"/>
</testsuite> <!-- Default test -->
