<?xml version="1.0" encoding="UTF-8"?>
<!-- Generated by org.testng.reporters.JUnitXMLReporter -->
<testsuite ignored="0" hostname="DESKTOP-5JB5VIM" failures="0" tests="5" name="Default test" time="20.984" errors="0" timestamp="2024-06-07T14:26:23 IST">
  <testcase classname="Homelyf.GET_User" name="lookupCountry" time="4.894"/>
  <testcase classname="Homelyf.GET_User" name="lookupState" time="2.208"/>
  <testcase classname="Homelyf.GET_User" name="lookupcategory" time="10.716"/>
  <testcase classname="Homelyf.GET_User" name="lookupcity" time="1.484"/>
  <testcase classname="Homelyf.GET_User" name="lookuppostcode" time="1.606"/>
</testsuite> <!-- Default test -->
